The system is: Linux - 3.18.9-100.fc20.x86_64 - x86_64
Compiling the C compiler identification source file "CMakeCCompilerId.c" succeeded.
Compiler: /usr/bin/cc 
Build flags: 
Id flags: 

The output was:
0


Compilation of the C compiler identification source "CMakeCCompilerId.c" produced "a.out"

The C compiler identification is GNU, found in "/home/jtan/my-plasma/1dcpp/build/CMakeFiles/2.8.12.2/CompilerIdC/a.out"

Compiling the CXX compiler identification source file "CMakeCXXCompilerId.cpp" succeeded.
Compiler: /usr/bin/c++ 
Build flags: 
Id flags: 

The output was:
0


Compilation of the CXX compiler identification source "CMakeCXXCompilerId.cpp" produced "a.out"

The CXX compiler identification is GNU, found in "/home/jtan/my-plasma/1dcpp/build/CMakeFiles/2.8.12.2/CompilerIdCXX/a.out"

Determining if the C compiler works passed with the following output:
Change Dir: /home/jtan/my-plasma/1dcpp/build/CMakeFiles/CMakeTmp

Run Build Command:/usr/bin/gmake "cmTryCompileExec1826959135/fast"
/usr/bin/gmake -f CMakeFiles/cmTryCompileExec1826959135.dir/build.make CMakeFiles/cmTryCompileExec1826959135.dir/build
gmake[1]: Entering directory `/home/jtan/my-plasma/1dcpp/build/CMakeFiles/CMakeTmp'
/usr/bin/cmake -E cmake_progress_report /home/jtan/my-plasma/1dcpp/build/CMakeFiles/CMakeTmp/CMakeFiles 1
Building C object CMakeFiles/cmTryCompileExec1826959135.dir/testCCompiler.c.o
/usr/bin/cc    -o CMakeFiles/cmTryCompileExec1826959135.dir/testCCompiler.c.o   -c /home/jtan/my-plasma/1dcpp/build/CMakeFiles/CMakeTmp/testCCompiler.c
Linking C executable cmTryCompileExec1826959135
/usr/bin/cmake -E cmake_link_script CMakeFiles/cmTryCompileExec1826959135.dir/link.txt --verbose=1
/usr/bin/cc       CMakeFiles/cmTryCompileExec1826959135.dir/testCCompiler.c.o  -o cmTryCompileExec1826959135 -rdynamic 
gmake[1]: Leaving directory `/home/jtan/my-plasma/1dcpp/build/CMakeFiles/CMakeTmp'


Detecting C compiler ABI info compiled with the following output:
Change Dir: /home/jtan/my-plasma/1dcpp/build/CMakeFiles/CMakeTmp

Run Build Command:/usr/bin/gmake "cmTryCompileExec3485221575/fast"
/usr/bin/gmake -f CMakeFiles/cmTryCompileExec3485221575.dir/build.make CMakeFiles/cmTryCompileExec3485221575.dir/build
gmake[1]: Entering directory `/home/jtan/my-plasma/1dcpp/build/CMakeFiles/CMakeTmp'
/usr/bin/cmake -E cmake_progress_report /home/jtan/my-plasma/1dcpp/build/CMakeFiles/CMakeTmp/CMakeFiles 1
Building C object CMakeFiles/cmTryCompileExec3485221575.dir/CMakeCCompilerABI.c.o
/usr/bin/cc    -o CMakeFiles/cmTryCompileExec3485221575.dir/CMakeCCompilerABI.c.o   -c /usr/share/cmake/Modules/CMakeCCompilerABI.c
Linking C executable cmTryCompileExec3485221575
/usr/bin/cmake -E cmake_link_script CMakeFiles/cmTryCompileExec3485221575.dir/link.txt --verbose=1
/usr/bin/cc     -v CMakeFiles/cmTryCompileExec3485221575.dir/CMakeCCompilerABI.c.o  -o cmTryCompileExec3485221575 -rdynamic  
Using built-in specs.
COLLECT_GCC=/usr/bin/cc
COLLECT_LTO_WRAPPER=/usr/libexec/gcc/x86_64-redhat-linux/4.8.3/lto-wrapper
Target: x86_64-redhat-linux
Configured with: ../configure --prefix=/usr --mandir=/usr/share/man --infodir=/usr/share/info --with-bugurl=http://bugzilla.redhat.com/bugzilla --enable-bootstrap --enable-shared --enable-threads=posix --enable-checking=release --with-system-zlib --enable-__cxa_atexit --disable-libunwind-exceptions --enable-gnu-unique-object --enable-linker-build-id --with-linker-hash-style=gnu --enable-languages=c,c++,objc,obj-c++,java,fortran,ada,go,lto --enable-plugin --enable-initfini-array --enable-java-awt=gtk --disable-dssi --with-java-home=/usr/lib/jvm/java-1.5.0-gcj-1.5.0.0/jre --enable-libgcj-multifile --enable-java-maintainer-mode --with-ecj-jar=/usr/share/java/eclipse-ecj.jar --disable-libjava-multilib --with-isl=/builddir/build/BUILD/gcc-4.8.3-20140911/obj-x86_64-redhat-linux/isl-install --with-cloog=/builddir/build/BUILD/gcc-4.8.3-20140911/obj-x86_64-redhat-linux/cloog-install --with-tune=generic --with-arch_32=i686 --build=x86_64-redhat-linux
Thread model: posix
gcc version 4.8.3 20140911 (Red Hat 4.8.3-7) (GCC) 
COMPILER_PATH=/usr/libexec/gcc/x86_64-redhat-linux/4.8.3/:/usr/libexec/gcc/x86_64-redhat-linux/4.8.3/:/usr/libexec/gcc/x86_64-redhat-linux/:/usr/lib/gcc/x86_64-redhat-linux/4.8.3/:/usr/lib/gcc/x86_64-redhat-linux/
LIBRARY_PATH=/usr/lib/gcc/x86_64-redhat-linux/4.8.3/:/usr/lib/gcc/x86_64-redhat-linux/4.8.3/../../../../lib64/:/lib/../lib64/:/usr/lib/../lib64/:/usr/local/root-6.04.00/lib/:/usr/lib/gcc/x86_64-redhat-linux/4.8.3/../../../:/lib/:/usr/lib/
COLLECT_GCC_OPTIONS='-v' '-o' 'cmTryCompileExec3485221575' '-rdynamic' '-mtune=generic' '-march=x86-64'
 /usr/libexec/gcc/x86_64-redhat-linux/4.8.3/collect2 --build-id --no-add-needed --eh-frame-hdr --hash-style=gnu -m elf_x86_64 -export-dynamic -dynamic-linker /lib64/ld-linux-x86-64.so.2 -o cmTryCompileExec3485221575 /usr/lib/gcc/x86_64-redhat-linux/4.8.3/../../../../lib64/crt1.o /usr/lib/gcc/x86_64-redhat-linux/4.8.3/../../../../lib64/crti.o /usr/lib/gcc/x86_64-redhat-linux/4.8.3/crtbegin.o -L/usr/lib/gcc/x86_64-redhat-linux/4.8.3 -L/usr/lib/gcc/x86_64-redhat-linux/4.8.3/../../../../lib64 -L/lib/../lib64 -L/usr/lib/../lib64 -L/usr/local/root-6.04.00/lib -L/usr/lib/gcc/x86_64-redhat-linux/4.8.3/../../.. CMakeFiles/cmTryCompileExec3485221575.dir/CMakeCCompilerABI.c.o -lgcc --as-needed -lgcc_s --no-as-needed -lc -lgcc --as-needed -lgcc_s --no-as-needed /usr/lib/gcc/x86_64-redhat-linux/4.8.3/crtend.o /usr/lib/gcc/x86_64-redhat-linux/4.8.3/../../../../lib64/crtn.o
gmake[1]: Leaving directory `/home/jtan/my-plasma/1dcpp/build/CMakeFiles/CMakeTmp'


Parsed C implicit link information from above output:
  link line regex: [^( *|.*[/\])(ld|([^/\]+-)?ld|collect2)[^/\]*( |$)]
  ignore line: [Change Dir: /home/jtan/my-plasma/1dcpp/build/CMakeFiles/CMakeTmp]
  ignore line: []
  ignore line: [Run Build Command:/usr/bin/gmake "cmTryCompileExec3485221575/fast"]
  ignore line: [/usr/bin/gmake -f CMakeFiles/cmTryCompileExec3485221575.dir/build.make CMakeFiles/cmTryCompileExec3485221575.dir/build]
  ignore line: [gmake[1]: Entering directory `/home/jtan/my-plasma/1dcpp/build/CMakeFiles/CMakeTmp']
  ignore line: [/usr/bin/cmake -E cmake_progress_report /home/jtan/my-plasma/1dcpp/build/CMakeFiles/CMakeTmp/CMakeFiles 1]
  ignore line: [Building C object CMakeFiles/cmTryCompileExec3485221575.dir/CMakeCCompilerABI.c.o]
  ignore line: [/usr/bin/cc    -o CMakeFiles/cmTryCompileExec3485221575.dir/CMakeCCompilerABI.c.o   -c /usr/share/cmake/Modules/CMakeCCompilerABI.c]
  ignore line: [Linking C executable cmTryCompileExec3485221575]
  ignore line: [/usr/bin/cmake -E cmake_link_script CMakeFiles/cmTryCompileExec3485221575.dir/link.txt --verbose=1]
  ignore line: [/usr/bin/cc     -v CMakeFiles/cmTryCompileExec3485221575.dir/CMakeCCompilerABI.c.o  -o cmTryCompileExec3485221575 -rdynamic  ]
  ignore line: [Using built-in specs.]
  ignore line: [COLLECT_GCC=/usr/bin/cc]
  ignore line: [COLLECT_LTO_WRAPPER=/usr/libexec/gcc/x86_64-redhat-linux/4.8.3/lto-wrapper]
  ignore line: [Target: x86_64-redhat-linux]
  ignore line: [Configured with: ../configure --prefix=/usr --mandir=/usr/share/man --infodir=/usr/share/info --with-bugurl=http://bugzilla.redhat.com/bugzilla --enable-bootstrap --enable-shared --enable-threads=posix --enable-checking=release --with-system-zlib --enable-__cxa_atexit --disable-libunwind-exceptions --enable-gnu-unique-object --enable-linker-build-id --with-linker-hash-style=gnu --enable-languages=c,c++,objc,obj-c++,java,fortran,ada,go,lto --enable-plugin --enable-initfini-array --enable-java-awt=gtk --disable-dssi --with-java-home=/usr/lib/jvm/java-1.5.0-gcj-1.5.0.0/jre --enable-libgcj-multifile --enable-java-maintainer-mode --with-ecj-jar=/usr/share/java/eclipse-ecj.jar --disable-libjava-multilib --with-isl=/builddir/build/BUILD/gcc-4.8.3-20140911/obj-x86_64-redhat-linux/isl-install --with-cloog=/builddir/build/BUILD/gcc-4.8.3-20140911/obj-x86_64-redhat-linux/cloog-install --with-tune=generic --with-arch_32=i686 --build=x86_64-redhat-linux]
  ignore line: [Thread model: posix]
  ignore line: [gcc version 4.8.3 20140911 (Red Hat 4.8.3-7) (GCC) ]
  ignore line: [COMPILER_PATH=/usr/libexec/gcc/x86_64-redhat-linux/4.8.3/:/usr/libexec/gcc/x86_64-redhat-linux/4.8.3/:/usr/libexec/gcc/x86_64-redhat-linux/:/usr/lib/gcc/x86_64-redhat-linux/4.8.3/:/usr/lib/gcc/x86_64-redhat-linux/]
  ignore line: [LIBRARY_PATH=/usr/lib/gcc/x86_64-redhat-linux/4.8.3/:/usr/lib/gcc/x86_64-redhat-linux/4.8.3/../../../../lib64/:/lib/../lib64/:/usr/lib/../lib64/:/usr/local/root-6.04.00/lib/:/usr/lib/gcc/x86_64-redhat-linux/4.8.3/../../../:/lib/:/usr/lib/]
  ignore line: [COLLECT_GCC_OPTIONS='-v' '-o' 'cmTryCompileExec3485221575' '-rdynamic' '-mtune=generic' '-march=x86-64']
  link line: [ /usr/libexec/gcc/x86_64-redhat-linux/4.8.3/collect2 --build-id --no-add-needed --eh-frame-hdr --hash-style=gnu -m elf_x86_64 -export-dynamic -dynamic-linker /lib64/ld-linux-x86-64.so.2 -o cmTryCompileExec3485221575 /usr/lib/gcc/x86_64-redhat-linux/4.8.3/../../../../lib64/crt1.o /usr/lib/gcc/x86_64-redhat-linux/4.8.3/../../../../lib64/crti.o /usr/lib/gcc/x86_64-redhat-linux/4.8.3/crtbegin.o -L/usr/lib/gcc/x86_64-redhat-linux/4.8.3 -L/usr/lib/gcc/x86_64-redhat-linux/4.8.3/../../../../lib64 -L/lib/../lib64 -L/usr/lib/../lib64 -L/usr/local/root-6.04.00/lib -L/usr/lib/gcc/x86_64-redhat-linux/4.8.3/../../.. CMakeFiles/cmTryCompileExec3485221575.dir/CMakeCCompilerABI.c.o -lgcc --as-needed -lgcc_s --no-as-needed -lc -lgcc --as-needed -lgcc_s --no-as-needed /usr/lib/gcc/x86_64-redhat-linux/4.8.3/crtend.o /usr/lib/gcc/x86_64-redhat-linux/4.8.3/../../../../lib64/crtn.o]
    arg [/usr/libexec/gcc/x86_64-redhat-linux/4.8.3/collect2] ==> ignore
    arg [--build-id] ==> ignore
    arg [--no-add-needed] ==> ignore
    arg [--eh-frame-hdr] ==> ignore
    arg [--hash-style=gnu] ==> ignore
    arg [-m] ==> ignore
    arg [elf_x86_64] ==> ignore
    arg [-export-dynamic] ==> ignore
    arg [-dynamic-linker] ==> ignore
    arg [/lib64/ld-linux-x86-64.so.2] ==> ignore
    arg [-o] ==> ignore
    arg [cmTryCompileExec3485221575] ==> ignore
    arg [/usr/lib/gcc/x86_64-redhat-linux/4.8.3/../../../../lib64/crt1.o] ==> ignore
    arg [/usr/lib/gcc/x86_64-redhat-linux/4.8.3/../../../../lib64/crti.o] ==> ignore
    arg [/usr/lib/gcc/x86_64-redhat-linux/4.8.3/crtbegin.o] ==> ignore
    arg [-L/usr/lib/gcc/x86_64-redhat-linux/4.8.3] ==> dir [/usr/lib/gcc/x86_64-redhat-linux/4.8.3]
    arg [-L/usr/lib/gcc/x86_64-redhat-linux/4.8.3/../../../../lib64] ==> dir [/usr/lib/gcc/x86_64-redhat-linux/4.8.3/../../../../lib64]
    arg [-L/lib/../lib64] ==> dir [/lib/../lib64]
    arg [-L/usr/lib/../lib64] ==> dir [/usr/lib/../lib64]
    arg [-L/usr/local/root-6.04.00/lib] ==> dir [/usr/local/root-6.04.00/lib]
    arg [-L/usr/lib/gcc/x86_64-redhat-linux/4.8.3/../../..] ==> dir [/usr/lib/gcc/x86_64-redhat-linux/4.8.3/../../..]
    arg [CMakeFiles/cmTryCompileExec3485221575.dir/CMakeCCompilerABI.c.o] ==> ignore
    arg [-lgcc] ==> lib [gcc]
    arg [--as-needed] ==> ignore
    arg [-lgcc_s] ==> lib [gcc_s]
    arg [--no-as-needed] ==> ignore
    arg [-lc] ==> lib [c]
    arg [-lgcc] ==> lib [gcc]
    arg [--as-needed] ==> ignore
    arg [-lgcc_s] ==> lib [gcc_s]
    arg [--no-as-needed] ==> ignore
    arg [/usr/lib/gcc/x86_64-redhat-linux/4.8.3/crtend.o] ==> ignore
    arg [/usr/lib/gcc/x86_64-redhat-linux/4.8.3/../../../../lib64/crtn.o] ==> ignore
  remove lib [gcc]
  remove lib [gcc_s]
  remove lib [gcc]
  remove lib [gcc_s]
  collapse library dir [/usr/lib/gcc/x86_64-redhat-linux/4.8.3] ==> [/usr/lib/gcc/x86_64-redhat-linux/4.8.3]
  collapse library dir [/usr/lib/gcc/x86_64-redhat-linux/4.8.3/../../../../lib64] ==> [/usr/lib64]
  collapse library dir [/lib/../lib64] ==> [/lib64]
  collapse library dir [/usr/lib/../lib64] ==> [/usr/lib64]
  collapse library dir [/usr/local/root-6.04.00/lib] ==> [/usr/local/root-6.04.00/lib]
  collapse library dir [/usr/lib/gcc/x86_64-redhat-linux/4.8.3/../../..] ==> [/usr/lib]
  implicit libs: [c]
  implicit dirs: [/usr/lib/gcc/x86_64-redhat-linux/4.8.3;/usr/lib64;/lib64;/usr/local/root-6.04.00/lib;/usr/lib]
  implicit fwks: []


Determining if the CXX compiler works passed with the following output:
Change Dir: /home/jtan/my-plasma/1dcpp/build/CMakeFiles/CMakeTmp

Run Build Command:/usr/bin/gmake "cmTryCompileExec2118327991/fast"
/usr/bin/gmake -f CMakeFiles/cmTryCompileExec2118327991.dir/build.make CMakeFiles/cmTryCompileExec2118327991.dir/build
gmake[1]: Entering directory `/home/jtan/my-plasma/1dcpp/build/CMakeFiles/CMakeTmp'
/usr/bin/cmake -E cmake_progress_report /home/jtan/my-plasma/1dcpp/build/CMakeFiles/CMakeTmp/CMakeFiles 1
Building CXX object CMakeFiles/cmTryCompileExec2118327991.dir/testCXXCompiler.cxx.o
/usr/bin/c++     -o CMakeFiles/cmTryCompileExec2118327991.dir/testCXXCompiler.cxx.o -c /home/jtan/my-plasma/1dcpp/build/CMakeFiles/CMakeTmp/testCXXCompiler.cxx
Linking CXX executable cmTryCompileExec2118327991
/usr/bin/cmake -E cmake_link_script CMakeFiles/cmTryCompileExec2118327991.dir/link.txt --verbose=1
/usr/bin/c++        CMakeFiles/cmTryCompileExec2118327991.dir/testCXXCompiler.cxx.o  -o cmTryCompileExec2118327991 -rdynamic 
gmake[1]: Leaving directory `/home/jtan/my-plasma/1dcpp/build/CMakeFiles/CMakeTmp'


Detecting CXX compiler ABI info compiled with the following output:
Change Dir: /home/jtan/my-plasma/1dcpp/build/CMakeFiles/CMakeTmp

Run Build Command:/usr/bin/gmake "cmTryCompileExec183223768/fast"
/usr/bin/gmake -f CMakeFiles/cmTryCompileExec183223768.dir/build.make CMakeFiles/cmTryCompileExec183223768.dir/build
gmake[1]: Entering directory `/home/jtan/my-plasma/1dcpp/build/CMakeFiles/CMakeTmp'
/usr/bin/cmake -E cmake_progress_report /home/jtan/my-plasma/1dcpp/build/CMakeFiles/CMakeTmp/CMakeFiles 1
Building CXX object CMakeFiles/cmTryCompileExec183223768.dir/CMakeCXXCompilerABI.cpp.o
/usr/bin/c++     -o CMakeFiles/cmTryCompileExec183223768.dir/CMakeCXXCompilerABI.cpp.o -c /usr/share/cmake/Modules/CMakeCXXCompilerABI.cpp
Linking CXX executable cmTryCompileExec183223768
/usr/bin/cmake -E cmake_link_script CMakeFiles/cmTryCompileExec183223768.dir/link.txt --verbose=1
/usr/bin/c++      -v CMakeFiles/cmTryCompileExec183223768.dir/CMakeCXXCompilerABI.cpp.o  -o cmTryCompileExec183223768 -rdynamic  
Using built-in specs.
COLLECT_GCC=/usr/bin/c++
COLLECT_LTO_WRAPPER=/usr/libexec/gcc/x86_64-redhat-linux/4.8.3/lto-wrapper
Target: x86_64-redhat-linux
Configured with: ../configure --prefix=/usr --mandir=/usr/share/man --infodir=/usr/share/info --with-bugurl=http://bugzilla.redhat.com/bugzilla --enable-bootstrap --enable-shared --enable-threads=posix --enable-checking=release --with-system-zlib --enable-__cxa_atexit --disable-libunwind-exceptions --enable-gnu-unique-object --enable-linker-build-id --with-linker-hash-style=gnu --enable-languages=c,c++,objc,obj-c++,java,fortran,ada,go,lto --enable-plugin --enable-initfini-array --enable-java-awt=gtk --disable-dssi --with-java-home=/usr/lib/jvm/java-1.5.0-gcj-1.5.0.0/jre --enable-libgcj-multifile --enable-java-maintainer-mode --with-ecj-jar=/usr/share/java/eclipse-ecj.jar --disable-libjava-multilib --with-isl=/builddir/build/BUILD/gcc-4.8.3-20140911/obj-x86_64-redhat-linux/isl-install --with-cloog=/builddir/build/BUILD/gcc-4.8.3-20140911/obj-x86_64-redhat-linux/cloog-install --with-tune=generic --with-arch_32=i686 --build=x86_64-redhat-linux
Thread model: posix
gcc version 4.8.3 20140911 (Red Hat 4.8.3-7) (GCC) 
COMPILER_PATH=/usr/libexec/gcc/x86_64-redhat-linux/4.8.3/:/usr/libexec/gcc/x86_64-redhat-linux/4.8.3/:/usr/libexec/gcc/x86_64-redhat-linux/:/usr/lib/gcc/x86_64-redhat-linux/4.8.3/:/usr/lib/gcc/x86_64-redhat-linux/
LIBRARY_PATH=/usr/lib/gcc/x86_64-redhat-linux/4.8.3/:/usr/lib/gcc/x86_64-redhat-linux/4.8.3/../../../../lib64/:/lib/../lib64/:/usr/lib/../lib64/:/usr/local/root-6.04.00/lib/:/usr/lib/gcc/x86_64-redhat-linux/4.8.3/../../../:/lib/:/usr/lib/
COLLECT_GCC_OPTIONS='-v' '-o' 'cmTryCompileExec183223768' '-rdynamic' '-shared-libgcc' '-mtune=generic' '-march=x86-64'
 /usr/libexec/gcc/x86_64-redhat-linux/4.8.3/collect2 --build-id --no-add-needed --eh-frame-hdr --hash-style=gnu -m elf_x86_64 -export-dynamic -dynamic-linker /lib64/ld-linux-x86-64.so.2 -o cmTryCompileExec183223768 /usr/lib/gcc/x86_64-redhat-linux/4.8.3/../../../../lib64/crt1.o /usr/lib/gcc/x86_64-redhat-linux/4.8.3/../../../../lib64/crti.o /usr/lib/gcc/x86_64-redhat-linux/4.8.3/crtbegin.o -L/usr/lib/gcc/x86_64-redhat-linux/4.8.3 -L/usr/lib/gcc/x86_64-redhat-linux/4.8.3/../../../../lib64 -L/lib/../lib64 -L/usr/lib/../lib64 -L/usr/local/root-6.04.00/lib -L/usr/lib/gcc/x86_64-redhat-linux/4.8.3/../../.. CMakeFiles/cmTryCompileExec183223768.dir/CMakeCXXCompilerABI.cpp.o -lstdc++ -lm -lgcc_s -lgcc -lc -lgcc_s -lgcc /usr/lib/gcc/x86_64-redhat-linux/4.8.3/crtend.o /usr/lib/gcc/x86_64-redhat-linux/4.8.3/../../../../lib64/crtn.o
gmake[1]: Leaving directory `/home/jtan/my-plasma/1dcpp/build/CMakeFiles/CMakeTmp'


Parsed CXX implicit link information from above output:
  link line regex: [^( *|.*[/\])(ld|([^/\]+-)?ld|collect2)[^/\]*( |$)]
  ignore line: [Change Dir: /home/jtan/my-plasma/1dcpp/build/CMakeFiles/CMakeTmp]
  ignore line: []
  ignore line: [Run Build Command:/usr/bin/gmake "cmTryCompileExec183223768/fast"]
  ignore line: [/usr/bin/gmake -f CMakeFiles/cmTryCompileExec183223768.dir/build.make CMakeFiles/cmTryCompileExec183223768.dir/build]
  ignore line: [gmake[1]: Entering directory `/home/jtan/my-plasma/1dcpp/build/CMakeFiles/CMakeTmp']
  ignore line: [/usr/bin/cmake -E cmake_progress_report /home/jtan/my-plasma/1dcpp/build/CMakeFiles/CMakeTmp/CMakeFiles 1]
  ignore line: [Building CXX object CMakeFiles/cmTryCompileExec183223768.dir/CMakeCXXCompilerABI.cpp.o]
  ignore line: [/usr/bin/c++     -o CMakeFiles/cmTryCompileExec183223768.dir/CMakeCXXCompilerABI.cpp.o -c /usr/share/cmake/Modules/CMakeCXXCompilerABI.cpp]
  ignore line: [Linking CXX executable cmTryCompileExec183223768]
  ignore line: [/usr/bin/cmake -E cmake_link_script CMakeFiles/cmTryCompileExec183223768.dir/link.txt --verbose=1]
  ignore line: [/usr/bin/c++      -v CMakeFiles/cmTryCompileExec183223768.dir/CMakeCXXCompilerABI.cpp.o  -o cmTryCompileExec183223768 -rdynamic  ]
  ignore line: [Using built-in specs.]
  ignore line: [COLLECT_GCC=/usr/bin/c++]
  ignore line: [COLLECT_LTO_WRAPPER=/usr/libexec/gcc/x86_64-redhat-linux/4.8.3/lto-wrapper]
  ignore line: [Target: x86_64-redhat-linux]
  ignore line: [Configured with: ../configure --prefix=/usr --mandir=/usr/share/man --infodir=/usr/share/info --with-bugurl=http://bugzilla.redhat.com/bugzilla --enable-bootstrap --enable-shared --enable-threads=posix --enable-checking=release --with-system-zlib --enable-__cxa_atexit --disable-libunwind-exceptions --enable-gnu-unique-object --enable-linker-build-id --with-linker-hash-style=gnu --enable-languages=c,c++,objc,obj-c++,java,fortran,ada,go,lto --enable-plugin --enable-initfini-array --enable-java-awt=gtk --disable-dssi --with-java-home=/usr/lib/jvm/java-1.5.0-gcj-1.5.0.0/jre --enable-libgcj-multifile --enable-java-maintainer-mode --with-ecj-jar=/usr/share/java/eclipse-ecj.jar --disable-libjava-multilib --with-isl=/builddir/build/BUILD/gcc-4.8.3-20140911/obj-x86_64-redhat-linux/isl-install --with-cloog=/builddir/build/BUILD/gcc-4.8.3-20140911/obj-x86_64-redhat-linux/cloog-install --with-tune=generic --with-arch_32=i686 --build=x86_64-redhat-linux]
  ignore line: [Thread model: posix]
  ignore line: [gcc version 4.8.3 20140911 (Red Hat 4.8.3-7) (GCC) ]
  ignore line: [COMPILER_PATH=/usr/libexec/gcc/x86_64-redhat-linux/4.8.3/:/usr/libexec/gcc/x86_64-redhat-linux/4.8.3/:/usr/libexec/gcc/x86_64-redhat-linux/:/usr/lib/gcc/x86_64-redhat-linux/4.8.3/:/usr/lib/gcc/x86_64-redhat-linux/]
  ignore line: [LIBRARY_PATH=/usr/lib/gcc/x86_64-redhat-linux/4.8.3/:/usr/lib/gcc/x86_64-redhat-linux/4.8.3/../../../../lib64/:/lib/../lib64/:/usr/lib/../lib64/:/usr/local/root-6.04.00/lib/:/usr/lib/gcc/x86_64-redhat-linux/4.8.3/../../../:/lib/:/usr/lib/]
  ignore line: [COLLECT_GCC_OPTIONS='-v' '-o' 'cmTryCompileExec183223768' '-rdynamic' '-shared-libgcc' '-mtune=generic' '-march=x86-64']
  link line: [ /usr/libexec/gcc/x86_64-redhat-linux/4.8.3/collect2 --build-id --no-add-needed --eh-frame-hdr --hash-style=gnu -m elf_x86_64 -export-dynamic -dynamic-linker /lib64/ld-linux-x86-64.so.2 -o cmTryCompileExec183223768 /usr/lib/gcc/x86_64-redhat-linux/4.8.3/../../../../lib64/crt1.o /usr/lib/gcc/x86_64-redhat-linux/4.8.3/../../../../lib64/crti.o /usr/lib/gcc/x86_64-redhat-linux/4.8.3/crtbegin.o -L/usr/lib/gcc/x86_64-redhat-linux/4.8.3 -L/usr/lib/gcc/x86_64-redhat-linux/4.8.3/../../../../lib64 -L/lib/../lib64 -L/usr/lib/../lib64 -L/usr/local/root-6.04.00/lib -L/usr/lib/gcc/x86_64-redhat-linux/4.8.3/../../.. CMakeFiles/cmTryCompileExec183223768.dir/CMakeCXXCompilerABI.cpp.o -lstdc++ -lm -lgcc_s -lgcc -lc -lgcc_s -lgcc /usr/lib/gcc/x86_64-redhat-linux/4.8.3/crtend.o /usr/lib/gcc/x86_64-redhat-linux/4.8.3/../../../../lib64/crtn.o]
    arg [/usr/libexec/gcc/x86_64-redhat-linux/4.8.3/collect2] ==> ignore
    arg [--build-id] ==> ignore
    arg [--no-add-needed] ==> ignore
    arg [--eh-frame-hdr] ==> ignore
    arg [--hash-style=gnu] ==> ignore
    arg [-m] ==> ignore
    arg [elf_x86_64] ==> ignore
    arg [-export-dynamic] ==> ignore
    arg [-dynamic-linker] ==> ignore
    arg [/lib64/ld-linux-x86-64.so.2] ==> ignore
    arg [-o] ==> ignore
    arg [cmTryCompileExec183223768] ==> ignore
    arg [/usr/lib/gcc/x86_64-redhat-linux/4.8.3/../../../../lib64/crt1.o] ==> ignore
    arg [/usr/lib/gcc/x86_64-redhat-linux/4.8.3/../../../../lib64/crti.o] ==> ignore
    arg [/usr/lib/gcc/x86_64-redhat-linux/4.8.3/crtbegin.o] ==> ignore
    arg [-L/usr/lib/gcc/x86_64-redhat-linux/4.8.3] ==> dir [/usr/lib/gcc/x86_64-redhat-linux/4.8.3]
    arg [-L/usr/lib/gcc/x86_64-redhat-linux/4.8.3/../../../../lib64] ==> dir [/usr/lib/gcc/x86_64-redhat-linux/4.8.3/../../../../lib64]
    arg [-L/lib/../lib64] ==> dir [/lib/../lib64]
    arg [-L/usr/lib/../lib64] ==> dir [/usr/lib/../lib64]
    arg [-L/usr/local/root-6.04.00/lib] ==> dir [/usr/local/root-6.04.00/lib]
    arg [-L/usr/lib/gcc/x86_64-redhat-linux/4.8.3/../../..] ==> dir [/usr/lib/gcc/x86_64-redhat-linux/4.8.3/../../..]
    arg [CMakeFiles/cmTryCompileExec183223768.dir/CMakeCXXCompilerABI.cpp.o] ==> ignore
    arg [-lstdc++] ==> lib [stdc++]
    arg [-lm] ==> lib [m]
    arg [-lgcc_s] ==> lib [gcc_s]
    arg [-lgcc] ==> lib [gcc]
    arg [-lc] ==> lib [c]
    arg [-lgcc_s] ==> lib [gcc_s]
    arg [-lgcc] ==> lib [gcc]
    arg [/usr/lib/gcc/x86_64-redhat-linux/4.8.3/crtend.o] ==> ignore
    arg [/usr/lib/gcc/x86_64-redhat-linux/4.8.3/../../../../lib64/crtn.o] ==> ignore
  remove lib [gcc_s]
  remove lib [gcc]
  remove lib [gcc_s]
  remove lib [gcc]
  collapse library dir [/usr/lib/gcc/x86_64-redhat-linux/4.8.3] ==> [/usr/lib/gcc/x86_64-redhat-linux/4.8.3]
  collapse library dir [/usr/lib/gcc/x86_64-redhat-linux/4.8.3/../../../../lib64] ==> [/usr/lib64]
  collapse library dir [/lib/../lib64] ==> [/lib64]
  collapse library dir [/usr/lib/../lib64] ==> [/usr/lib64]
  collapse library dir [/usr/local/root-6.04.00/lib] ==> [/usr/local/root-6.04.00/lib]
  collapse library dir [/usr/lib/gcc/x86_64-redhat-linux/4.8.3/../../..] ==> [/usr/lib]
  implicit libs: [stdc++;m;c]
  implicit dirs: [/usr/lib/gcc/x86_64-redhat-linux/4.8.3;/usr/lib64;/lib64;/usr/local/root-6.04.00/lib;/usr/lib]
  implicit fwks: []


Performing C SOURCE FILE Test OpenMP_FLAG_DETECTED succeded with the following output:
Change Dir: /home/jtan/my-plasma/1dcpp/build/CMakeFiles/CMakeTmp

Run Build Command:/usr/bin/gmake "cmTryCompileExec78319013/fast"
/usr/bin/gmake -f CMakeFiles/cmTryCompileExec78319013.dir/build.make CMakeFiles/cmTryCompileExec78319013.dir/build
gmake[1]: Entering directory `/home/jtan/my-plasma/1dcpp/build/CMakeFiles/CMakeTmp'
/usr/bin/cmake -E cmake_progress_report /home/jtan/my-plasma/1dcpp/build/CMakeFiles/CMakeTmp/CMakeFiles 1
Building C object CMakeFiles/cmTryCompileExec78319013.dir/src.c.o
/usr/bin/cc   -DOpenMP_FLAG_DETECTED -fopenmp   -o CMakeFiles/cmTryCompileExec78319013.dir/src.c.o   -c /home/jtan/my-plasma/1dcpp/build/CMakeFiles/CMakeTmp/src.c
Linking C executable cmTryCompileExec78319013
/usr/bin/cmake -E cmake_link_script CMakeFiles/cmTryCompileExec78319013.dir/link.txt --verbose=1
/usr/bin/cc   -DOpenMP_FLAG_DETECTED -fopenmp    CMakeFiles/cmTryCompileExec78319013.dir/src.c.o  -o cmTryCompileExec78319013 -rdynamic 
gmake[1]: Leaving directory `/home/jtan/my-plasma/1dcpp/build/CMakeFiles/CMakeTmp'

Source file was:

#include <omp.h>
int main() {
#ifdef _OPENMP
  return 0;
#else
  breaks_on_purpose
#endif
}

Performing C++ SOURCE FILE Test OpenMP_FLAG_DETECTED succeded with the following output:
Change Dir: /home/jtan/my-plasma/1dcpp/build/CMakeFiles/CMakeTmp

Run Build Command:/usr/bin/gmake "cmTryCompileExec2330446779/fast"
/usr/bin/gmake -f CMakeFiles/cmTryCompileExec2330446779.dir/build.make CMakeFiles/cmTryCompileExec2330446779.dir/build
gmake[1]: Entering directory `/home/jtan/my-plasma/1dcpp/build/CMakeFiles/CMakeTmp'
/usr/bin/cmake -E cmake_progress_report /home/jtan/my-plasma/1dcpp/build/CMakeFiles/CMakeTmp/CMakeFiles 1
Building CXX object CMakeFiles/cmTryCompileExec2330446779.dir/src.cxx.o
/usr/bin/c++    -DOpenMP_FLAG_DETECTED -fopenmp   -o CMakeFiles/cmTryCompileExec2330446779.dir/src.cxx.o -c /home/jtan/my-plasma/1dcpp/build/CMakeFiles/CMakeTmp/src.cxx
Linking CXX executable cmTryCompileExec2330446779
/usr/bin/cmake -E cmake_link_script CMakeFiles/cmTryCompileExec2330446779.dir/link.txt --verbose=1
/usr/bin/c++    -DOpenMP_FLAG_DETECTED -fopenmp    CMakeFiles/cmTryCompileExec2330446779.dir/src.cxx.o  -o cmTryCompileExec2330446779 -rdynamic 
gmake[1]: Leaving directory `/home/jtan/my-plasma/1dcpp/build/CMakeFiles/CMakeTmp'

Source file was:

#include <omp.h>
int main() {
#ifdef _OPENMP
  return 0;
#else
  breaks_on_purpose
#endif
}

Determining if files pthread.h exist passed with the following output:
Change Dir: /home/jtan/my-plasma/1dcpp/build/CMakeFiles/CMakeTmp

Run Build Command:/usr/bin/gmake "cmTryCompileExec2685656373/fast"
/usr/bin/gmake -f CMakeFiles/cmTryCompileExec2685656373.dir/build.make CMakeFiles/cmTryCompileExec2685656373.dir/build
gmake[1]: Entering directory `/home/jtan/my-plasma/1dcpp/build/CMakeFiles/CMakeTmp'
/usr/bin/cmake -E cmake_progress_report /home/jtan/my-plasma/1dcpp/build/CMakeFiles/CMakeTmp/CMakeFiles 1
Building C object CMakeFiles/cmTryCompileExec2685656373.dir/CheckIncludeFiles.c.o
/usr/bin/cc    -o CMakeFiles/cmTryCompileExec2685656373.dir/CheckIncludeFiles.c.o   -c /home/jtan/my-plasma/1dcpp/build/CMakeFiles/CMakeTmp/CheckIncludeFiles.c
Linking C executable cmTryCompileExec2685656373
/usr/bin/cmake -E cmake_link_script CMakeFiles/cmTryCompileExec2685656373.dir/link.txt --verbose=1
/usr/bin/cc       CMakeFiles/cmTryCompileExec2685656373.dir/CheckIncludeFiles.c.o  -o cmTryCompileExec2685656373 -rdynamic 
gmake[1]: Leaving directory `/home/jtan/my-plasma/1dcpp/build/CMakeFiles/CMakeTmp'


Determining if the function pthread_create exists in the pthread passed with the following output:
Change Dir: /home/jtan/my-plasma/1dcpp/build/CMakeFiles/CMakeTmp

Run Build Command:/usr/bin/gmake "cmTryCompileExec731063561/fast"
/usr/bin/gmake -f CMakeFiles/cmTryCompileExec731063561.dir/build.make CMakeFiles/cmTryCompileExec731063561.dir/build
gmake[1]: Entering directory `/home/jtan/my-plasma/1dcpp/build/CMakeFiles/CMakeTmp'
/usr/bin/cmake -E cmake_progress_report /home/jtan/my-plasma/1dcpp/build/CMakeFiles/CMakeTmp/CMakeFiles 1
Building C object CMakeFiles/cmTryCompileExec731063561.dir/CheckFunctionExists.c.o
/usr/bin/cc   -DCHECK_FUNCTION_EXISTS=pthread_create   -o CMakeFiles/cmTryCompileExec731063561.dir/CheckFunctionExists.c.o   -c /usr/share/cmake/Modules/CheckFunctionExists.c
Linking C executable cmTryCompileExec731063561
/usr/bin/cmake -E cmake_link_script CMakeFiles/cmTryCompileExec731063561.dir/link.txt --verbose=1
/usr/bin/cc   -DCHECK_FUNCTION_EXISTS=pthread_create    CMakeFiles/cmTryCompileExec731063561.dir/CheckFunctionExists.c.o  -o cmTryCompileExec731063561 -rdynamic -lpthread 
gmake[1]: Leaving directory `/home/jtan/my-plasma/1dcpp/build/CMakeFiles/CMakeTmp'


