Determining if the pthread_create exist failed with the following output:
Change Dir: /home/jtan/my-plasma/1dcpp/build/CMakeFiles/CMakeTmp

Run Build Command:/usr/bin/gmake "cmTryCompileExec1064078793/fast"
/usr/bin/gmake -f CMakeFiles/cmTryCompileExec1064078793.dir/build.make CMakeFiles/cmTryCompileExec1064078793.dir/build
gmake[1]: Entering directory `/home/jtan/my-plasma/1dcpp/build/CMakeFiles/CMakeTmp'
/usr/bin/cmake -E cmake_progress_report /home/jtan/my-plasma/1dcpp/build/CMakeFiles/CMakeTmp/CMakeFiles 1
Building C object CMakeFiles/cmTryCompileExec1064078793.dir/CheckSymbolExists.c.o
/usr/bin/cc    -o CMakeFiles/cmTryCompileExec1064078793.dir/CheckSymbolExists.c.o   -c /home/jtan/my-plasma/1dcpp/build/CMakeFiles/CMakeTmp/CheckSymbolExists.c
Linking C executable cmTryCompileExec1064078793
/usr/bin/cmake -E cmake_link_script CMakeFiles/cmTryCompileExec1064078793.dir/link.txt --verbose=1
/usr/bin/cc       CMakeFiles/cmTryCompileExec1064078793.dir/CheckSymbolExists.c.o  -o cmTryCompileExec1064078793 -rdynamic 
CMakeFiles/cmTryCompileExec1064078793.dir/CheckSymbolExists.c.o: In function `main':
CheckSymbolExists.c:(.text+0x16): undefined reference to `pthread_create'
collect2: error: ld returned 1 exit status
gmake[1]: *** [cmTryCompileExec1064078793] Error 1
gmake[1]: Leaving directory `/home/jtan/my-plasma/1dcpp/build/CMakeFiles/CMakeTmp'
gmake: *** [cmTryCompileExec1064078793/fast] Error 2

File /home/jtan/my-plasma/1dcpp/build/CMakeFiles/CMakeTmp/CheckSymbolExists.c:
/* */
#include <pthread.h>

int main(int argc, char** argv)
{
  (void)argv;
#ifndef pthread_create
  return ((int*)(&pthread_create))[argc];
#else
  (void)argc;
  return 0;
#endif
}

Determining if the function pthread_create exists in the pthreads failed with the following output:
Change Dir: /home/jtan/my-plasma/1dcpp/build/CMakeFiles/CMakeTmp

Run Build Command:/usr/bin/gmake "cmTryCompileExec3590667958/fast"
/usr/bin/gmake -f CMakeFiles/cmTryCompileExec3590667958.dir/build.make CMakeFiles/cmTryCompileExec3590667958.dir/build
gmake[1]: Entering directory `/home/jtan/my-plasma/1dcpp/build/CMakeFiles/CMakeTmp'
/usr/bin/cmake -E cmake_progress_report /home/jtan/my-plasma/1dcpp/build/CMakeFiles/CMakeTmp/CMakeFiles 1
Building C object CMakeFiles/cmTryCompileExec3590667958.dir/CheckFunctionExists.c.o
/usr/bin/cc   -DCHECK_FUNCTION_EXISTS=pthread_create   -o CMakeFiles/cmTryCompileExec3590667958.dir/CheckFunctionExists.c.o   -c /usr/share/cmake/Modules/CheckFunctionExists.c
Linking C executable cmTryCompileExec3590667958
/usr/bin/cmake -E cmake_link_script CMakeFiles/cmTryCompileExec3590667958.dir/link.txt --verbose=1
/usr/bin/cc   -DCHECK_FUNCTION_EXISTS=pthread_create    CMakeFiles/cmTryCompileExec3590667958.dir/CheckFunctionExists.c.o  -o cmTryCompileExec3590667958 -rdynamic -lpthreads 
/usr/bin/ld: cannot find -lpthreads
collect2: error: ld returned 1 exit status
gmake[1]: *** [cmTryCompileExec3590667958] Error 1
gmake[1]: Leaving directory `/home/jtan/my-plasma/1dcpp/build/CMakeFiles/CMakeTmp'
gmake: *** [cmTryCompileExec3590667958/fast] Error 2


